[2026-02-02 18:49:24,249: INFO: main: Welcome to our custom log]
[2026-02-03 19:51:55,953: INFO: main: Welcome to our custom log]
[2026-02-03 19:51:55,953: INFO: main: >>>>> stage Data Ingestion stage started <<<<<]
[2026-02-03 19:51:55,953: INFO: common: yaml file: config\config.yaml loaded successfully]
[2026-02-03 19:51:55,953: INFO: common: yaml file: params.yaml loaded successfully]
[2026-02-03 19:51:55,953: INFO: common: created directory at: artifacts]
[2026-02-03 19:51:55,953: INFO: common: created directory at: artifacts/data_ingestion]
[2026-02-03 19:51:55,953: INFO: data_ingestion: Downloading data from https://drive.google.com/file/d/1vlhZ5c7abUKF8xXERIw6m9Te8fW7ohw3/view?usp=sharing into file artifacts/data_ingestion/data.zip]
[2026-02-03 19:52:22,328: INFO: data_ingestion: Downloaded data from https://drive.google.com/file/d/1vlhZ5c7abUKF8xXERIw6m9Te8fW7ohw3/view?usp=sharing into file artifacts/data_ingestion/data.zip]
[2026-02-03 19:52:22,998: INFO: main: >>>>>> stage Data Ingestion stage completed <<<<<<
 
x======x]
[2026-02-03 22:47:58,378: INFO: common: yaml file: config\config.yaml loaded successfully]
[2026-02-03 22:47:58,382: INFO: common: yaml file: params.yaml loaded successfully]
[2026-02-03 22:47:58,385: INFO: common: created directory at: artifacts/prepare_base_model]
[2026-02-03 22:49:56,295: INFO: common: yaml file: config\config.yaml loaded successfully]
[2026-02-03 22:49:56,295: INFO: common: yaml file: params.yaml loaded successfully]
[2026-02-03 22:49:56,298: INFO: common: created directory at: artifacts/prepare_base_model]
[2026-02-03 22:54:04,516: INFO: common: yaml file: config\config.yaml loaded successfully]
[2026-02-03 22:54:04,531: INFO: common: yaml file: params.yaml loaded successfully]
[2026-02-03 22:54:04,534: INFO: common: created directory at: artifacts/prepare_base_model]
[2026-02-03 22:55:27,958: WARNING: saving_utils: Compiled the loaded model, but the compiled metrics have yet to be built. `model.compile_metrics` will be empty until you train or evaluate the model.]
[2026-02-03 23:11:27,631: INFO: main: Welcome to our custom log]
[2026-02-03 23:11:27,632: INFO: main: >>>>> stage Data Ingestion stage started <<<<<]
[2026-02-03 23:11:27,633: INFO: common: yaml file: config\config.yaml loaded successfully]
[2026-02-03 23:11:27,634: INFO: common: yaml file: params.yaml loaded successfully]
[2026-02-03 23:11:27,635: INFO: common: created directory at: artifacts]
[2026-02-03 23:11:27,635: INFO: common: created directory at: artifacts/data_ingestion]
[2026-02-03 23:11:27,635: INFO: data_ingestion: Downloading data from https://drive.google.com/file/d/1vlhZ5c7abUKF8xXERIw6m9Te8fW7ohw3/view?usp=sharing into file artifacts/data_ingestion/data.zip]
[2026-02-03 23:12:37,619: INFO: data_ingestion: Downloaded data from https://drive.google.com/file/d/1vlhZ5c7abUKF8xXERIw6m9Te8fW7ohw3/view?usp=sharing into file artifacts/data_ingestion/data.zip]
[2026-02-03 23:12:37,954: INFO: main: >>>>>> stage Data Ingestion stage completed <<<<<<
 
x======x]
[2026-02-03 23:12:37,955: INFO: main: *****************]
[2026-02-03 23:12:37,955: INFO: main: >>>>>> Stage Prepare Base Model Stage started <<<<<<]
[2026-02-03 23:12:37,956: INFO: common: yaml file: config\config.yaml loaded successfully]
[2026-02-03 23:12:37,957: INFO: common: yaml file: params.yaml loaded successfully]
[2026-02-03 23:12:37,957: INFO: common: created directory at: artifacts]
[2026-02-03 23:12:37,958: INFO: common: created directory at: artifacts/prepare_base_model]
[2026-02-03 23:12:38,319: WARNING: saving_utils: Compiled the loaded model, but the compiled metrics have yet to be built. `model.compile_metrics` will be empty until you train or evaluate the model.]
[2026-02-03 23:12:38,548: INFO: main: >>>>>> Stage Prepare Base Model Stage completed <<<<<<

x==========x]
[2026-02-04 18:35:31,994: INFO: common: yaml file: config\config.yaml loaded successfully]
[2026-02-04 18:35:32,014: INFO: common: yaml file: params.yaml loaded successfully]
[2026-02-04 18:35:32,017: INFO: common: created directory at: artifacts]
[2026-02-04 18:35:32,020: INFO: common: created directory at: artifacts\training]
[2026-02-04 18:51:22,437: INFO: main: Welcome to our custom log]
[2026-02-04 18:51:22,438: INFO: main: >>>>> stage Data Ingestion stage started <<<<<]
[2026-02-04 18:51:22,442: INFO: common: yaml file: config\config.yaml loaded successfully]
[2026-02-04 18:51:22,442: INFO: common: yaml file: params.yaml loaded successfully]
[2026-02-04 18:51:22,443: INFO: common: created directory at: artifacts]
[2026-02-04 18:51:22,444: INFO: common: created directory at: artifacts/data_ingestion]
[2026-02-04 18:51:22,445: INFO: data_ingestion: Downloading data from https://drive.google.com/file/d/1vlhZ5c7abUKF8xXERIw6m9Te8fW7ohw3/view?usp=sharing into file artifacts/data_ingestion/data.zip]
[2026-02-04 18:53:12,663: INFO: data_ingestion: Downloaded data from https://drive.google.com/file/d/1vlhZ5c7abUKF8xXERIw6m9Te8fW7ohw3/view?usp=sharing into file artifacts/data_ingestion/data.zip]
[2026-02-04 18:53:13,056: INFO: main: >>>>>> stage Data Ingestion stage completed <<<<<<
 
x======x]
[2026-02-04 18:53:13,057: INFO: main: *****************]
[2026-02-04 18:53:13,057: INFO: main: >>>>>> Stage Prepare Base Model Stage started <<<<<<]
[2026-02-04 18:53:13,059: INFO: common: yaml file: config\config.yaml loaded successfully]
[2026-02-04 18:53:13,060: INFO: common: yaml file: params.yaml loaded successfully]
[2026-02-04 18:53:13,061: INFO: common: created directory at: artifacts]
[2026-02-04 18:53:13,061: INFO: common: created directory at: artifacts/prepare_base_model]
[2026-02-04 18:53:13,391: WARNING: saving_utils: Compiled the loaded model, but the compiled metrics have yet to be built. `model.compile_metrics` will be empty until you train or evaluate the model.]
[2026-02-04 18:53:13,543: INFO: main: >>>>>> Stage Prepare Base Model Stage completed <<<<<<

x==========x]
[2026-02-04 18:53:13,543: INFO: main: >>>>>>>>>> Stage Training started <<<<<<<<<<]
[2026-02-04 18:53:13,545: INFO: common: yaml file: config\config.yaml loaded successfully]
[2026-02-04 18:53:13,547: INFO: common: yaml file: params.yaml loaded successfully]
[2026-02-04 18:53:13,548: INFO: common: created directory at: artifacts]
[2026-02-04 18:53:13,548: ERROR: main: 'ConfigurationManager' object has no attribute 'get_training_config']
Traceback (most recent call last):
  File "D:\MBA Tech\ML_Project\Kidney-Disease-Classification-using-Deep-Learning\main.py", line 35, in <module>
    obj.main()
  File "D:\MBA Tech\ML_Project\Kidney-Disease-Classification-using-Deep-Learning\src\cnnClassifier\pipeline\stage03_model_training.py", line 13, in main
    training_config = config.get_training_config()
AttributeError: 'ConfigurationManager' object has no attribute 'get_training_config'
[2026-02-04 18:54:08,271: INFO: main: Welcome to our custom log]
[2026-02-04 18:54:08,271: INFO: main: >>>>> stage Data Ingestion stage started <<<<<]
[2026-02-04 18:54:08,273: INFO: common: yaml file: config\config.yaml loaded successfully]
[2026-02-04 18:54:08,275: INFO: common: yaml file: params.yaml loaded successfully]
[2026-02-04 18:54:08,275: INFO: common: created directory at: artifacts]
[2026-02-04 18:54:08,275: INFO: common: created directory at: artifacts/data_ingestion]
[2026-02-04 18:54:08,276: INFO: data_ingestion: Downloading data from https://drive.google.com/file/d/1vlhZ5c7abUKF8xXERIw6m9Te8fW7ohw3/view?usp=sharing into file artifacts/data_ingestion/data.zip]
[2026-02-04 18:57:52,708: INFO: data_ingestion: Downloaded data from https://drive.google.com/file/d/1vlhZ5c7abUKF8xXERIw6m9Te8fW7ohw3/view?usp=sharing into file artifacts/data_ingestion/data.zip]
[2026-02-04 18:57:53,091: INFO: main: >>>>>> stage Data Ingestion stage completed <<<<<<
 
x======x]
[2026-02-04 18:57:53,091: INFO: main: *****************]
[2026-02-04 18:57:53,091: INFO: main: >>>>>> Stage Prepare Base Model Stage started <<<<<<]
[2026-02-04 18:57:53,091: INFO: common: yaml file: config\config.yaml loaded successfully]
[2026-02-04 18:57:53,091: INFO: common: yaml file: params.yaml loaded successfully]
[2026-02-04 18:57:53,091: INFO: common: created directory at: artifacts]
[2026-02-04 18:57:53,091: INFO: common: created directory at: artifacts/prepare_base_model]
[2026-02-04 18:57:53,466: WARNING: saving_utils: Compiled the loaded model, but the compiled metrics have yet to be built. `model.compile_metrics` will be empty until you train or evaluate the model.]
[2026-02-04 18:57:53,721: INFO: main: >>>>>> Stage Prepare Base Model Stage completed <<<<<<

x==========x]
[2026-02-04 18:57:53,722: INFO: main: >>>>>>>>>> Stage Training started <<<<<<<<<<]
[2026-02-04 18:57:53,723: INFO: common: yaml file: config\config.yaml loaded successfully]
[2026-02-04 18:57:53,725: INFO: common: yaml file: params.yaml loaded successfully]
[2026-02-04 18:57:53,726: INFO: common: created directory at: artifacts]
[2026-02-04 18:57:53,726: INFO: common: created directory at: artifacts\training]
[2026-02-04 18:58:40,420: INFO: main: >>>>>>>>>> Stage Training completed <<<<<<<<<<

x==========x]
[2026-02-04 19:31:35,494: INFO: common: yaml file: config\config.yaml loaded successfully]
[2026-02-04 19:31:35,500: INFO: common: yaml file: params.yaml loaded successfully]
[2026-02-04 19:31:35,502: INFO: common: created directory at: artifacts]
[2026-02-04 19:31:53,573: INFO: common: json file saved at: scores.json]
[2026-02-04 19:31:57,694: WARNING: save: Found untraced functions such as _jit_compiled_convolution_op, _jit_compiled_convolution_op, _jit_compiled_convolution_op, _jit_compiled_convolution_op, _jit_compiled_convolution_op while saving (showing 5 of 14). These functions will not be directly callable after loading.]
[2026-02-04 19:31:58,462: INFO: builder_impl: Assets written to: C:\Users\anshg\AppData\Local\Temp\tmpnepifl6h\model\data\model\assets]
[2026-02-04 19:38:25,846: INFO: common: yaml file: config\config.yaml loaded successfully]
[2026-02-04 19:38:25,861: INFO: common: yaml file: params.yaml loaded successfully]
[2026-02-04 19:38:25,862: INFO: common: created directory at: artifacts]
[2026-02-04 19:38:46,008: INFO: common: json file saved at: scores.json]
[2026-02-04 19:38:49,196: WARNING: save: Found untraced functions such as _jit_compiled_convolution_op, _jit_compiled_convolution_op, _jit_compiled_convolution_op, _jit_compiled_convolution_op, _jit_compiled_convolution_op while saving (showing 5 of 14). These functions will not be directly callable after loading.]
[2026-02-04 19:38:49,630: INFO: builder_impl: Assets written to: C:\Users\anshg\AppData\Local\Temp\tmpkcd8szi4\model\data\model\assets]
[2026-02-04 19:43:34,932: INFO: common: yaml file: config\config.yaml loaded successfully]
[2026-02-04 19:43:34,949: INFO: common: yaml file: params.yaml loaded successfully]
[2026-02-04 19:43:34,950: INFO: common: created directory at: artifacts]
[2026-02-04 19:44:04,118: INFO: common: json file saved at: scores.json]
[2026-02-04 19:44:09,210: WARNING: save: Found untraced functions such as _jit_compiled_convolution_op, _jit_compiled_convolution_op, _jit_compiled_convolution_op, _jit_compiled_convolution_op, _jit_compiled_convolution_op while saving (showing 5 of 14). These functions will not be directly callable after loading.]
[2026-02-04 19:44:10,090: INFO: builder_impl: Assets written to: C:\Users\anshg\AppData\Local\Temp\tmpjn506cte\model\data\model\assets]
[2026-02-04 20:09:39,044: INFO: main: Welcome to our custom log]
[2026-02-04 20:09:39,045: INFO: main: >>>>> stage Data Ingestion stage started <<<<<]
[2026-02-04 20:09:39,047: INFO: common: yaml file: config\config.yaml loaded successfully]
[2026-02-04 20:09:39,049: INFO: common: yaml file: params.yaml loaded successfully]
[2026-02-04 20:09:39,049: INFO: common: created directory at: artifacts]
[2026-02-04 20:09:39,050: INFO: common: created directory at: artifacts/data_ingestion]
[2026-02-04 20:09:39,050: INFO: data_ingestion: Downloading data from https://drive.google.com/file/d/1vlhZ5c7abUKF8xXERIw6m9Te8fW7ohw3/view?usp=sharing into file artifacts/data_ingestion/data.zip]
[2026-02-04 20:10:32,948: INFO: data_ingestion: Downloaded data from https://drive.google.com/file/d/1vlhZ5c7abUKF8xXERIw6m9Te8fW7ohw3/view?usp=sharing into file artifacts/data_ingestion/data.zip]
[2026-02-04 20:10:33,388: INFO: main: >>>>>> stage Data Ingestion stage completed <<<<<<
 
x======x]
[2026-02-04 20:10:33,388: INFO: main: *****************]
[2026-02-04 20:10:33,389: INFO: main: >>>>>> Stage Prepare Base Model Stage started <<<<<<]
[2026-02-04 20:10:33,390: INFO: common: yaml file: config\config.yaml loaded successfully]
[2026-02-04 20:10:33,391: INFO: common: yaml file: params.yaml loaded successfully]
[2026-02-04 20:10:33,393: INFO: common: created directory at: artifacts]
[2026-02-04 20:10:33,393: INFO: common: created directory at: artifacts/prepare_base_model]
[2026-02-04 20:10:33,797: WARNING: saving_utils: Compiled the loaded model, but the compiled metrics have yet to be built. `model.compile_metrics` will be empty until you train or evaluate the model.]
[2026-02-04 20:10:34,083: INFO: main: >>>>>> Stage Prepare Base Model Stage completed <<<<<<

x==========x]
[2026-02-04 20:10:34,083: INFO: main: >>>>>>>>>> Stage Training started <<<<<<<<<<]
[2026-02-04 20:10:34,085: INFO: common: yaml file: config\config.yaml loaded successfully]
[2026-02-04 20:10:34,086: INFO: common: yaml file: params.yaml loaded successfully]
[2026-02-04 20:10:34,087: INFO: common: created directory at: artifacts]
[2026-02-04 20:10:34,087: INFO: common: created directory at: artifacts\training]
[2026-02-04 20:11:31,371: INFO: main: >>>>>>>>>> Stage Training completed <<<<<<<<<<

x==========x]
[2026-02-04 20:11:31,371: INFO: main: *******************]
[2026-02-04 20:11:31,371: INFO: main: >>>>>> stage Evaluation stage started <<<<<<]
[2026-02-04 20:11:31,374: INFO: common: yaml file: config\config.yaml loaded successfully]
[2026-02-04 20:11:31,376: INFO: common: yaml file: params.yaml loaded successfully]
[2026-02-04 20:11:31,377: INFO: common: created directory at: artifacts]
[2026-02-04 20:11:54,219: INFO: common: json file saved at: scores.json]
[2026-02-04 20:11:54,220: INFO: common: json file saved at: scores.json]
[2026-02-04 20:11:54,220: INFO: main: >>>>>> stage Evaluation stage completed <<<<<<

x==========x]
[2026-02-04 20:13:17,642: INFO: main: Welcome to our custom log]
[2026-02-04 20:13:17,642: INFO: main: >>>>> stage Data Ingestion stage started <<<<<]
[2026-02-04 20:13:17,645: INFO: common: yaml file: config\config.yaml loaded successfully]
[2026-02-04 20:13:17,659: INFO: common: yaml file: params.yaml loaded successfully]
[2026-02-04 20:13:17,661: INFO: common: created directory at: artifacts]
[2026-02-04 20:13:17,661: INFO: common: created directory at: artifacts/data_ingestion]
[2026-02-04 20:13:17,661: INFO: data_ingestion: Downloading data from https://drive.google.com/file/d/1vlhZ5c7abUKF8xXERIw6m9Te8fW7ohw3/view?usp=sharing into file artifacts/data_ingestion/data.zip]
[2026-02-04 20:13:47,158: INFO: data_ingestion: Downloaded data from https://drive.google.com/file/d/1vlhZ5c7abUKF8xXERIw6m9Te8fW7ohw3/view?usp=sharing into file artifacts/data_ingestion/data.zip]
[2026-02-04 20:13:47,693: INFO: main: >>>>>> stage Data Ingestion stage completed <<<<<<
 
x======x]
[2026-02-04 20:13:47,694: INFO: main: *****************]
[2026-02-04 20:13:47,694: INFO: main: >>>>>> Stage Prepare Base Model Stage started <<<<<<]
[2026-02-04 20:13:47,694: INFO: common: yaml file: config\config.yaml loaded successfully]
[2026-02-04 20:13:47,694: INFO: common: yaml file: params.yaml loaded successfully]
[2026-02-04 20:13:47,694: INFO: common: created directory at: artifacts]
[2026-02-04 20:13:47,694: INFO: common: created directory at: artifacts/prepare_base_model]
[2026-02-04 20:13:48,189: WARNING: saving_utils: Compiled the loaded model, but the compiled metrics have yet to be built. `model.compile_metrics` will be empty until you train or evaluate the model.]
[2026-02-04 20:13:48,642: INFO: main: >>>>>> Stage Prepare Base Model Stage completed <<<<<<

x==========x]
[2026-02-04 20:13:48,642: INFO: main: >>>>>>>>>> Stage Training started <<<<<<<<<<]
[2026-02-04 20:13:48,646: INFO: common: yaml file: config\config.yaml loaded successfully]
[2026-02-04 20:13:48,648: INFO: common: yaml file: params.yaml loaded successfully]
[2026-02-04 20:13:48,649: INFO: common: created directory at: artifacts]
[2026-02-04 20:13:48,649: INFO: common: created directory at: artifacts\training]
[2026-02-04 20:15:46,560: INFO: main: >>>>>>>>>> Stage Training completed <<<<<<<<<<

x==========x]
[2026-02-04 20:15:46,561: INFO: main: *******************]
[2026-02-04 20:15:46,561: INFO: main: >>>>>> stage Evaluation stage started <<<<<<]
[2026-02-04 20:15:46,563: INFO: common: yaml file: config\config.yaml loaded successfully]
[2026-02-04 20:15:46,566: INFO: common: yaml file: params.yaml loaded successfully]
[2026-02-04 20:15:46,566: INFO: common: created directory at: artifacts]
[2026-02-04 20:16:08,517: INFO: common: json file saved at: scores.json]
[2026-02-04 20:16:08,518: INFO: common: json file saved at: scores.json]
[2026-02-04 20:16:08,519: INFO: main: >>>>>> stage Evaluation stage completed <<<<<<

x==========x]
[2026-02-04 20:17:40,082: INFO: main: Welcome to our custom log]
[2026-02-04 20:17:40,083: INFO: main: >>>>> stage Data Ingestion stage started <<<<<]
[2026-02-04 20:17:40,086: INFO: common: yaml file: config\config.yaml loaded successfully]
[2026-02-04 20:17:40,108: INFO: common: yaml file: params.yaml loaded successfully]
[2026-02-04 20:17:40,108: INFO: common: created directory at: artifacts]
[2026-02-04 20:17:40,108: INFO: common: created directory at: artifacts/data_ingestion]
[2026-02-04 20:17:40,109: INFO: data_ingestion: Downloading data from https://drive.google.com/file/d/1vlhZ5c7abUKF8xXERIw6m9Te8fW7ohw3/view?usp=sharing into file artifacts/data_ingestion/data.zip]
[2026-02-04 20:18:18,170: INFO: data_ingestion: Downloaded data from https://drive.google.com/file/d/1vlhZ5c7abUKF8xXERIw6m9Te8fW7ohw3/view?usp=sharing into file artifacts/data_ingestion/data.zip]
[2026-02-04 20:18:19,263: INFO: main: >>>>>> stage Data Ingestion stage completed <<<<<<
 
x======x]
[2026-02-04 20:18:19,264: INFO: main: *****************]
[2026-02-04 20:18:19,265: INFO: main: >>>>>> Stage Prepare Base Model Stage started <<<<<<]
[2026-02-04 20:18:19,272: INFO: common: yaml file: config\config.yaml loaded successfully]
[2026-02-04 20:18:19,278: INFO: common: yaml file: params.yaml loaded successfully]
[2026-02-04 20:18:19,280: INFO: common: created directory at: artifacts]
[2026-02-04 20:18:19,282: INFO: common: created directory at: artifacts/prepare_base_model]
[2026-02-04 20:18:20,210: WARNING: saving_utils: Compiled the loaded model, but the compiled metrics have yet to be built. `model.compile_metrics` will be empty until you train or evaluate the model.]
[2026-02-04 20:18:20,914: INFO: main: >>>>>> Stage Prepare Base Model Stage completed <<<<<<

x==========x]
[2026-02-04 20:18:20,914: INFO: main: >>>>>>>>>> Stage Training started <<<<<<<<<<]
[2026-02-04 20:18:20,914: INFO: common: yaml file: config\config.yaml loaded successfully]
[2026-02-04 20:18:20,914: INFO: common: yaml file: params.yaml loaded successfully]
[2026-02-04 20:18:20,914: INFO: common: created directory at: artifacts]
[2026-02-04 20:18:20,914: INFO: common: created directory at: artifacts\training]
[2026-02-04 20:23:45,256: INFO: main: >>>>>>>>>> Stage Training completed <<<<<<<<<<

x==========x]
[2026-02-04 20:23:45,256: INFO: main: *******************]
[2026-02-04 20:23:45,256: INFO: main: >>>>>> stage Evaluation stage started <<<<<<]
[2026-02-04 20:23:45,259: INFO: common: yaml file: config\config.yaml loaded successfully]
[2026-02-04 20:23:45,263: INFO: common: yaml file: params.yaml loaded successfully]
[2026-02-04 20:23:45,264: INFO: common: created directory at: artifacts]
[2026-02-04 20:24:06,054: INFO: common: json file saved at: scores.json]
[2026-02-04 20:24:06,056: INFO: common: json file saved at: scores.json]
[2026-02-04 20:24:06,056: INFO: main: >>>>>> stage Evaluation stage completed <<<<<<

x==========x]
[2026-02-04 20:24:39,221: INFO: main: Welcome to our custom log]
[2026-02-04 20:24:39,222: INFO: main: >>>>> stage Data Ingestion stage started <<<<<]
[2026-02-04 20:24:39,223: INFO: common: yaml file: config\config.yaml loaded successfully]
[2026-02-04 20:24:39,224: INFO: common: yaml file: params.yaml loaded successfully]
[2026-02-04 20:24:39,224: INFO: common: created directory at: artifacts]
[2026-02-04 20:24:39,225: INFO: common: created directory at: artifacts/data_ingestion]
[2026-02-04 20:24:39,225: INFO: data_ingestion: Downloading data from https://drive.google.com/file/d/1vlhZ5c7abUKF8xXERIw6m9Te8fW7ohw3/view?usp=sharing into file artifacts/data_ingestion/data.zip]
[2026-02-04 20:25:02,552: INFO: data_ingestion: Downloaded data from https://drive.google.com/file/d/1vlhZ5c7abUKF8xXERIw6m9Te8fW7ohw3/view?usp=sharing into file artifacts/data_ingestion/data.zip]
[2026-02-04 20:25:02,892: INFO: main: >>>>>> stage Data Ingestion stage completed <<<<<<
 
x======x]
[2026-02-04 20:25:02,892: INFO: main: *****************]
[2026-02-04 20:25:02,892: INFO: main: >>>>>> Stage Prepare Base Model Stage started <<<<<<]
[2026-02-04 20:25:02,893: INFO: common: yaml file: config\config.yaml loaded successfully]
[2026-02-04 20:25:02,894: INFO: common: yaml file: params.yaml loaded successfully]
[2026-02-04 20:25:02,895: INFO: common: created directory at: artifacts]
[2026-02-04 20:25:02,895: INFO: common: created directory at: artifacts/prepare_base_model]
[2026-02-04 20:25:03,195: WARNING: saving_utils: Compiled the loaded model, but the compiled metrics have yet to be built. `model.compile_metrics` will be empty until you train or evaluate the model.]
[2026-02-04 20:25:03,486: INFO: main: >>>>>> Stage Prepare Base Model Stage completed <<<<<<

x==========x]
[2026-02-04 20:25:03,486: INFO: main: >>>>>>>>>> Stage Training started <<<<<<<<<<]
[2026-02-04 20:25:03,488: INFO: common: yaml file: config\config.yaml loaded successfully]
[2026-02-04 20:25:03,489: INFO: common: yaml file: params.yaml loaded successfully]
[2026-02-04 20:25:03,490: INFO: common: created directory at: artifacts]
[2026-02-04 20:25:03,490: INFO: common: created directory at: artifacts\training]
[2026-02-04 20:28:06,571: INFO: main: >>>>>>>>>> Stage Training completed <<<<<<<<<<

x==========x]
[2026-02-04 20:28:06,571: INFO: main: *******************]
[2026-02-04 20:28:06,571: INFO: main: >>>>>> stage Evaluation stage started <<<<<<]
[2026-02-04 20:28:06,575: INFO: common: yaml file: config\config.yaml loaded successfully]
[2026-02-04 20:28:06,578: INFO: common: yaml file: params.yaml loaded successfully]
[2026-02-04 20:28:06,578: INFO: common: created directory at: artifacts]
[2026-02-04 20:28:25,451: INFO: common: json file saved at: scores.json]
[2026-02-04 20:28:25,452: INFO: common: json file saved at: scores.json]
[2026-02-04 20:28:25,452: INFO: main: >>>>>> stage Evaluation stage completed <<<<<<

x==========x]
[2026-02-05 19:18:03,321: INFO: main: Welcome to our custom log]
[2026-02-05 19:18:03,321: INFO: main: >>>>> stage Data Ingestion stage started <<<<<]
[2026-02-05 19:18:03,345: INFO: common: yaml file: config\config.yaml loaded successfully]
[2026-02-05 19:18:03,362: INFO: common: yaml file: params.yaml loaded successfully]
[2026-02-05 19:18:03,364: INFO: common: created directory at: artifacts]
[2026-02-05 19:18:03,367: INFO: common: created directory at: artifacts/data_ingestion]
[2026-02-05 19:18:03,367: INFO: data_ingestion: Downloading data from https://drive.google.com/file/d/1vlhZ5c7abUKF8xXERIw6m9Te8fW7ohw3/view?usp=sharing into file artifacts/data_ingestion/data.zip]
[2026-02-05 19:18:43,567: INFO: data_ingestion: Downloaded data from https://drive.google.com/file/d/1vlhZ5c7abUKF8xXERIw6m9Te8fW7ohw3/view?usp=sharing into file artifacts/data_ingestion/data.zip]
[2026-02-05 19:18:44,161: INFO: main: >>>>>> stage Data Ingestion stage completed <<<<<<
 
x======x]
[2026-02-05 19:18:44,161: INFO: main: *****************]
[2026-02-05 19:18:44,161: INFO: main: >>>>>> Stage Prepare Base Model Stage started <<<<<<]
[2026-02-05 19:18:44,161: INFO: common: yaml file: config\config.yaml loaded successfully]
[2026-02-05 19:18:44,161: INFO: common: yaml file: params.yaml loaded successfully]
[2026-02-05 19:18:44,177: INFO: common: created directory at: artifacts]
[2026-02-05 19:18:44,177: INFO: common: created directory at: artifacts/prepare_base_model]
[2026-02-05 19:18:44,877: WARNING: saving_utils: Compiled the loaded model, but the compiled metrics have yet to be built. `model.compile_metrics` will be empty until you train or evaluate the model.]
[2026-02-05 19:18:45,351: INFO: main: >>>>>> Stage Prepare Base Model Stage completed <<<<<<

x==========x]
[2026-02-05 19:18:45,351: INFO: main: >>>>>>>>>> Stage Training started <<<<<<<<<<]
[2026-02-05 19:18:45,356: INFO: common: yaml file: config\config.yaml loaded successfully]
[2026-02-05 19:18:45,358: INFO: common: yaml file: params.yaml loaded successfully]
[2026-02-05 19:18:45,360: INFO: common: created directory at: artifacts]
[2026-02-05 19:18:45,360: INFO: common: created directory at: artifacts\training]
[2026-02-05 19:21:31,748: INFO: main: >>>>>>>>>> Stage Training completed <<<<<<<<<<

x==========x]
[2026-02-05 19:21:31,748: INFO: main: *******************]
[2026-02-05 19:21:31,748: INFO: main: >>>>>> stage Evaluation stage started <<<<<<]
[2026-02-05 19:21:31,748: INFO: common: yaml file: config\config.yaml loaded successfully]
[2026-02-05 19:21:31,759: INFO: common: yaml file: params.yaml loaded successfully]
[2026-02-05 19:21:31,759: INFO: common: created directory at: artifacts]
[2026-02-05 19:21:53,124: INFO: common: json file saved at: scores.json]
[2026-02-05 19:21:53,124: INFO: common: json file saved at: scores.json]
[2026-02-05 19:21:57,579: WARNING: save: Found untraced functions such as _jit_compiled_convolution_op, _jit_compiled_convolution_op, _jit_compiled_convolution_op, _jit_compiled_convolution_op, _jit_compiled_convolution_op while saving (showing 5 of 14). These functions will not be directly callable after loading.]
[2026-02-05 19:21:58,346: INFO: builder_impl: Assets written to: C:\Users\anshg\AppData\Local\Temp\tmpfyo9ky_x\model\data\model\assets]
[2026-02-05 19:23:22,736: INFO: main: >>>>>> stage Evaluation stage completed <<<<<<

x==========x]
[2026-02-05 19:31:48,036: INFO: main: Welcome to our custom log]
[2026-02-05 19:31:48,036: INFO: main: >>>>> stage Data Ingestion stage started <<<<<]
[2026-02-05 19:31:48,040: INFO: common: yaml file: config\config.yaml loaded successfully]
[2026-02-05 19:31:48,048: INFO: common: yaml file: params.yaml loaded successfully]
[2026-02-05 19:31:48,048: INFO: common: created directory at: artifacts]
[2026-02-05 19:31:48,048: INFO: common: created directory at: artifacts/data_ingestion]
[2026-02-05 19:31:48,050: INFO: data_ingestion: Downloading data from https://drive.google.com/file/d/1vlhZ5c7abUKF8xXERIw6m9Te8fW7ohw3/view?usp=sharing into file artifacts/data_ingestion/data.zip]
[2026-02-05 19:32:13,210: INFO: data_ingestion: Downloaded data from https://drive.google.com/file/d/1vlhZ5c7abUKF8xXERIw6m9Te8fW7ohw3/view?usp=sharing into file artifacts/data_ingestion/data.zip]
[2026-02-05 19:32:14,152: INFO: main: >>>>>> stage Data Ingestion stage completed <<<<<<
 
x======x]
[2026-02-05 19:32:14,152: INFO: main: *****************]
[2026-02-05 19:32:14,152: INFO: main: >>>>>> Stage Prepare Base Model Stage started <<<<<<]
[2026-02-05 19:32:14,152: INFO: common: yaml file: config\config.yaml loaded successfully]
[2026-02-05 19:32:14,152: INFO: common: yaml file: params.yaml loaded successfully]
[2026-02-05 19:32:14,152: INFO: common: created directory at: artifacts]
[2026-02-05 19:32:14,152: INFO: common: created directory at: artifacts/prepare_base_model]
[2026-02-05 19:32:14,720: WARNING: saving_utils: Compiled the loaded model, but the compiled metrics have yet to be built. `model.compile_metrics` will be empty until you train or evaluate the model.]
[2026-02-05 19:32:15,193: INFO: main: >>>>>> Stage Prepare Base Model Stage completed <<<<<<

x==========x]
[2026-02-05 19:32:15,193: INFO: main: >>>>>>>>>> Stage Training started <<<<<<<<<<]
[2026-02-05 19:32:15,203: INFO: common: yaml file: config\config.yaml loaded successfully]
[2026-02-05 19:32:15,208: INFO: common: yaml file: params.yaml loaded successfully]
[2026-02-05 19:32:15,208: INFO: common: created directory at: artifacts]
[2026-02-05 19:32:15,210: INFO: common: created directory at: artifacts\training]
[2026-02-05 19:33:56,028: INFO: main: >>>>>>>>>> Stage Training completed <<<<<<<<<<

x==========x]
[2026-02-05 19:33:56,028: INFO: main: *******************]
[2026-02-05 19:33:56,028: INFO: main: >>>>>> stage Evaluation stage started <<<<<<]
[2026-02-05 19:33:56,042: INFO: common: yaml file: config\config.yaml loaded successfully]
[2026-02-05 19:33:56,044: INFO: common: yaml file: params.yaml loaded successfully]
[2026-02-05 19:33:56,044: INFO: common: created directory at: artifacts]
[2026-02-05 19:34:12,795: INFO: common: json file saved at: scores.json]
[2026-02-05 19:34:12,795: INFO: common: json file saved at: scores.json]
[2026-02-05 19:34:16,867: WARNING: save: Found untraced functions such as _jit_compiled_convolution_op, _jit_compiled_convolution_op, _jit_compiled_convolution_op, _jit_compiled_convolution_op, _jit_compiled_convolution_op while saving (showing 5 of 14). These functions will not be directly callable after loading.]
[2026-02-05 19:34:17,588: INFO: builder_impl: Assets written to: C:\Users\anshg\AppData\Local\Temp\tmpv9nmbpnm\model\data\model\assets]
[2026-02-05 19:35:32,430: INFO: main: >>>>>> stage Evaluation stage completed <<<<<<

x==========x]
[2026-02-05 23:36:20,763: INFO: _internal: [31m[1mWARNING: This is a development server. Do not use it in a production deployment. Use a production WSGI server instead.[0m
 * Running on all addresses (0.0.0.0)
 * Running on http://127.0.0.1:8080
 * Running on http://10.168.33.163:8080]
[2026-02-05 23:36:20,765: INFO: _internal: [33mPress CTRL+C to quit[0m]
[2026-02-05 23:36:31,650: INFO: _internal: 127.0.0.1 - - [05/Feb/2026 23:36:31] "GET / HTTP/1.1" 200 -]
[2026-02-05 23:36:31,654: INFO: _internal: 127.0.0.1 - - [05/Feb/2026 23:36:31] "GET / HTTP/1.1" 200 -]
[2026-02-05 23:37:11,767: INFO: _internal: 127.0.0.1 - - [05/Feb/2026 23:37:11] "POST /predict HTTP/1.1" 200 -]
[2026-02-06 19:29:09,316: INFO: _internal: [31m[1mWARNING: This is a development server. Do not use it in a production deployment. Use a production WSGI server instead.[0m
 * Running on all addresses (0.0.0.0)
 * Running on http://127.0.0.1:8080
 * Running on http://10.168.36.86:8080]
[2026-02-06 19:29:09,316: INFO: _internal: [33mPress CTRL+C to quit[0m]
[2026-02-06 19:29:38,953: INFO: _internal: 127.0.0.1 - - [06/Feb/2026 19:29:38] "GET / HTTP/1.1" 200 -]
[2026-02-06 19:29:40,710: INFO: _internal: 127.0.0.1 - - [06/Feb/2026 19:29:40] "[33mGET /favicon.ico HTTP/1.1[0m" 404 -]
[2026-02-06 19:29:50,166: INFO: _internal: 127.0.0.1 - - [06/Feb/2026 19:29:50] "POST /predict HTTP/1.1" 200 -]
[2026-02-06 19:29:56,023: INFO: _internal: 127.0.0.1 - - [06/Feb/2026 19:29:56] "POST /predict HTTP/1.1" 200 -]
[2026-02-06 19:30:19,060: INFO: _internal: 127.0.0.1 - - [06/Feb/2026 19:30:19] "GET / HTTP/1.1" 200 -]
[2026-02-06 19:30:28,085: INFO: _internal: 127.0.0.1 - - [06/Feb/2026 19:30:28] "POST /predict HTTP/1.1" 200 -]
[2026-02-06 19:53:29,007: INFO: _internal: [31m[1mWARNING: This is a development server. Do not use it in a production deployment. Use a production WSGI server instead.[0m
 * Running on all addresses (0.0.0.0)
 * Running on http://127.0.0.1:8080
 * Running on http://10.168.36.86:8080]
[2026-02-06 19:53:29,007: INFO: _internal: [33mPress CTRL+C to quit[0m]
[2026-02-06 19:53:32,662: INFO: _internal: 127.0.0.1 - - [06/Feb/2026 19:53:32] "GET / HTTP/1.1" 200 -]
[2026-02-06 19:53:40,747: INFO: _internal: 127.0.0.1 - - [06/Feb/2026 19:53:40] "POST /predict HTTP/1.1" 200 -]
[2026-02-06 19:53:45,964: INFO: _internal: 127.0.0.1 - - [06/Feb/2026 19:53:45] "[31m[1mPOST / HTTP/1.1[0m" 405 -]
